{
  "stats": {
    "suites": 1,
    "tests": 3,
    "passes": 3,
    "pending": 0,
    "failures": 0,
    "start": "2020-07-03T11:24:51.112Z",
    "end": "2020-07-03T11:24:59.850Z",
    "duration": 8738,
    "testsRegistered": 3,
    "passPercent": 100,
    "pendingPercent": 0,
    "other": 0,
    "hasOther": false,
    "skipped": 0,
    "hasSkipped": false
  },
  "results": [
    {
      "uuid": "9e87829e-5c0b-43cf-9102-087644b01a7b",
      "title": "",
      "fullFile": "cypress/integration/tests/testCase1.js",
      "file": "cypress/integration/tests/testCase1.js",
      "beforeHooks": [],
      "afterHooks": [],
      "tests": [],
      "suites": [
        {
          "uuid": "f984ba6d-2e08-4586-a8f9-c1712ff3eeb8",
          "title": "Automation Practice test",
          "fullFile": "",
          "file": "",
          "beforeHooks": [],
          "afterHooks": [],
          "tests": [
            {
              "title": "Step 1: Go to the site",
              "fullTitle": "Automation Practice test Step 1: Go to the site",
              "timedOut": null,
              "duration": 1584,
              "state": "passed",
              "speed": "slow",
              "pass": true,
              "fail": false,
              "pending": false,
              "context": null,
              "code": "(0, _frontPage.navigateToSite)();",
              "err": {},
              "uuid": "31245ce8-564e-46a0-a111-979a9187c4b8",
              "parentUUID": "f984ba6d-2e08-4586-a8f9-c1712ff3eeb8",
              "isHook": false,
              "skipped": false
            },
            {
              "title": "Step 2: Go to register tab",
              "fullTitle": "Automation Practice test Step 2: Go to register tab",
              "timedOut": null,
              "duration": 744,
              "state": "passed",
              "speed": "slow",
              "pass": true,
              "fail": false,
              "pending": false,
              "context": null,
              "code": "(0, _frontPage.goToRegisterTab)();",
              "err": {},
              "uuid": "27cc1382-a747-4311-bcff-4b235ae4c435",
              "parentUUID": "f984ba6d-2e08-4586-a8f9-c1712ff3eeb8",
              "isHook": false,
              "skipped": false
            },
            {
              "title": "Step 3: Createn new account",
              "fullTitle": "Automation Practice test Step 3: Createn new account",
              "timedOut": null,
              "duration": 4715,
              "state": "passed",
              "speed": "slow",
              "pass": true,
              "fail": false,
              "pending": false,
              "context": null,
              "code": "(0, _registerPage.registerAccount)();",
              "err": {},
              "uuid": "0b39b58d-c71b-4cfc-b2c7-2da4b4af54f8",
              "parentUUID": "f984ba6d-2e08-4586-a8f9-c1712ff3eeb8",
              "isHook": false,
              "skipped": false
            }
          ],
          "suites": [],
          "passes": [
            "31245ce8-564e-46a0-a111-979a9187c4b8",
            "27cc1382-a747-4311-bcff-4b235ae4c435",
            "0b39b58d-c71b-4cfc-b2c7-2da4b4af54f8"
          ],
          "failures": [],
          "pending": [],
          "skipped": [],
          "duration": 7043,
          "root": false,
          "rootEmpty": false,
          "_timeout": 2000
        }
      ],
      "passes": [],
      "failures": [],
      "pending": [],
      "skipped": [],
      "duration": 0,
      "root": true,
      "rootEmpty": true,
      "_timeout": 2000
    }
  ],
  "meta": {
    "mocha": {
      "version": "7.0.1"
    },
    "mochawesome": {
      "options": {
        "quiet": false,
        "reportFilename": "mochawesome",
        "saveHtml": false,
        "saveJson": true,
        "consoleReporter": "spec",
        "useInlineDiffs": false,
        "code": true
      },
      "version": "6.1.1"
    },
    "marge": {
      "options": {
        "id": "default",
        "reportDir": "cypress/reports/mocha",
        "quite": true,
        "overwrite": false,
        "html": false,
        "json": true
      },
      "version": "5.1.0"
    }
  }
}