{
  "stats": {
    "suites": 1,
    "tests": 2,
    "passes": 1,
    "pending": 0,
    "failures": 1,
    "start": "2020-06-05T13:45:38.742Z",
    "end": "2020-06-05T13:45:45.116Z",
    "duration": 6374,
    "testsRegistered": 2,
    "passPercent": 50,
    "pendingPercent": 0,
    "other": 0,
    "hasOther": false,
    "skipped": 0,
    "hasSkipped": false
  },
  "results": [
    {
      "uuid": "11e5d0ae-bb7a-4ba2-8708-3724b623df6b",
      "title": "",
      "fullFile": "cypress/integration/tests/testCase3.js",
      "file": "cypress/integration/tests/testCase3.js",
      "beforeHooks": [],
      "afterHooks": [],
      "tests": [],
      "suites": [
        {
          "uuid": "2e670b5a-780a-4ab4-afbd-6261e2ed5632",
          "title": "Test dedicated to fail",
          "fullFile": "",
          "file": "",
          "beforeHooks": [],
          "afterHooks": [],
          "tests": [
            {
              "title": "Step 1: Go to the site",
              "fullTitle": "Test dedicated to fail Step 1: Go to the site",
              "timedOut": null,
              "duration": 1067,
              "state": "passed",
              "speed": "slow",
              "pass": true,
              "fail": false,
              "pending": false,
              "context": null,
              "code": "cy.visit('www.google.com');",
              "err": {},
              "uuid": "1bd2c860-1125-4eba-a04e-cd3ee59a10ee",
              "parentUUID": "2e670b5a-780a-4ab4-afbd-6261e2ed5632",
              "isHook": false,
              "skipped": false
            },
            {
              "title": "Step 2: Go to register tab",
              "fullTitle": "Test dedicated to fail Step 2: Go to register tab",
              "timedOut": null,
              "duration": 4154,
              "state": "failed",
              "speed": null,
              "pass": false,
              "fail": true,
              "pending": false,
              "context": null,
              "code": "cy.contains('No tego na pewno nie ma tutaj');",
              "err": {
                "message": "AssertionError: Timed out retrying: Expected to find content: 'No tego na pewno nie ma tutaj' but never did.",
                "estack": "AssertionError: Timed out retrying: Expected to find content: 'No tego na pewno nie ma tutaj' but never did.\n    at Context.eval (https://www.google.com/__cypress/tests?p=cypress/integration/tests/testCase3.js:10:8)",
                "diff": null
              },
              "uuid": "30a46d1b-7ecc-4e86-b9d7-38130bd3d809",
              "parentUUID": "2e670b5a-780a-4ab4-afbd-6261e2ed5632",
              "isHook": false,
              "skipped": false
            }
          ],
          "suites": [],
          "passes": [
            "1bd2c860-1125-4eba-a04e-cd3ee59a10ee"
          ],
          "failures": [
            "30a46d1b-7ecc-4e86-b9d7-38130bd3d809"
          ],
          "pending": [],
          "skipped": [],
          "duration": 5221,
          "root": false,
          "rootEmpty": false,
          "_timeout": 2000
        }
      ],
      "passes": [],
      "failures": [],
      "pending": [],
      "skipped": [],
      "duration": 0,
      "root": true,
      "rootEmpty": true,
      "_timeout": 2000
    }
  ],
  "meta": {
    "mocha": {
      "version": "7.0.1"
    },
    "mochawesome": {
      "options": {
        "quiet": false,
        "reportFilename": "mochawesome",
        "saveHtml": false,
        "saveJson": true,
        "consoleReporter": "spec",
        "useInlineDiffs": false,
        "code": true
      },
      "version": "6.1.1"
    },
    "marge": {
      "options": {
        "id": "default",
        "reportDir": "cypress/reports/mocha",
        "quite": true,
        "overwrite": false,
        "html": false,
        "json": true
      },
      "version": "5.1.0"
    }
  }
}