{
  "stats": {
    "suites": 1,
    "tests": 2,
    "passes": 1,
    "pending": 0,
    "failures": 1,
    "start": "2020-06-05T13:57:56.638Z",
    "end": "2020-06-05T13:57:59.316Z",
    "duration": 2678,
    "testsRegistered": 2,
    "passPercent": 50,
    "pendingPercent": 0,
    "other": 0,
    "hasOther": false,
    "skipped": 0,
    "hasSkipped": false
  },
  "results": [
    {
      "uuid": "165062d5-c6a6-4c76-92a6-df75c6c8e32c",
      "title": "",
      "fullFile": "cypress/integration/tests/testCase3.js",
      "file": "cypress/integration/tests/testCase3.js",
      "beforeHooks": [],
      "afterHooks": [],
      "tests": [],
      "suites": [
        {
          "uuid": "8763c080-9205-4568-8e7d-9a2347a24cc8",
          "title": "Test dedicated to fail",
          "fullFile": "",
          "file": "",
          "beforeHooks": [],
          "afterHooks": [],
          "tests": [
            {
              "title": "Step 1: Go to the site",
              "fullTitle": "Test dedicated to fail Step 1: Go to the site",
              "timedOut": null,
              "duration": 1149,
              "state": "passed",
              "speed": "slow",
              "pass": true,
              "fail": false,
              "pending": false,
              "context": null,
              "code": "cy.visit('www.google.com');",
              "err": {},
              "uuid": "09169d76-2c2f-409e-b7d6-f222bbdd892d",
              "parentUUID": "8763c080-9205-4568-8e7d-9a2347a24cc8",
              "isHook": false,
              "skipped": false
            },
            {
              "title": "Step 2: Go to register tab",
              "fullTitle": "Test dedicated to fail Step 2: Go to register tab",
              "timedOut": null,
              "duration": 228,
              "state": "failed",
              "speed": null,
              "pass": false,
              "fail": true,
              "pending": false,
              "context": null,
              "code": "cy.contains('No tego na pewno nie ma tutaj');",
              "err": {
                "message": "TypeError: Cannot read property 'isAttached' of undefined",
                "estack": "TypeError: Cannot read property 'isAttached' of undefined\n    at /home/demeroth/.cache/Cypress/4.6.0/Cypress/resources/app/packages/server/lib/browsers/firefox-util.js:117:20\n    at tryCatcher (/home/demeroth/.cache/Cypress/4.6.0/Cypress/resources/app/packages/server/node_modules/bluebird/js/release/util.js:16:23)\n    at /home/demeroth/.cache/Cypress/4.6.0/Cypress/resources/app/packages/server/node_modules/bluebird/js/release/method.js:15:34\n    at /home/demeroth/.cache/Cypress/4.6.0/Cypress/resources/app/packages/server/lib/browsers/firefox-util.js:235:40\n    at tryCatcher (/home/demeroth/.cache/Cypress/4.6.0/Cypress/resources/app/packages/server/node_modules/bluebird/js/release/util.js:16:23)\n    at Promise._settlePromiseFromHandler (/home/demeroth/.cache/Cypress/4.6.0/Cypress/resources/app/packages/server/node_modules/bluebird/js/release/promise.js:547:31)\n    at Promise._settlePromise (/home/demeroth/.cache/Cypress/4.6.0/Cypress/resources/app/packages/server/node_modules/bluebird/js/release/promise.js:604:18)\n    at Promise._settlePromise0 (/home/demeroth/.cache/Cypress/4.6.0/Cypress/resources/app/packages/server/node_modules/bluebird/js/release/promise.js:649:10)\n    at Promise._settlePromises (/home/demeroth/.cache/Cypress/4.6.0/Cypress/resources/app/packages/server/node_modules/bluebird/js/release/promise.js:729:18)\n    at _drainQueueStep (/home/demeroth/.cache/Cypress/4.6.0/Cypress/resources/app/packages/server/node_modules/bluebird/js/release/async.js:93:12)\n    at _drainQueue (/home/demeroth/.cache/Cypress/4.6.0/Cypress/resources/app/packages/server/node_modules/bluebird/js/release/async.js:86:9)\n    at Async._drainQueues (/home/demeroth/.cache/Cypress/4.6.0/Cypress/resources/app/packages/server/node_modules/bluebird/js/release/async.js:102:5)\n    at Immediate.Async.drainQueues [as _onImmediate] (/home/demeroth/.cache/Cypress/4.6.0/Cypress/resources/app/packages/server/node_modules/bluebird/js/release/async.js:15:14)\n    at processImmediate (internal/timers.js:439:21)\n",
                "diff": null
              },
              "uuid": "7e3b61e4-8522-42d2-975e-7e50ccf08c26",
              "parentUUID": "8763c080-9205-4568-8e7d-9a2347a24cc8",
              "isHook": false,
              "skipped": false
            }
          ],
          "suites": [],
          "passes": [
            "09169d76-2c2f-409e-b7d6-f222bbdd892d"
          ],
          "failures": [
            "7e3b61e4-8522-42d2-975e-7e50ccf08c26"
          ],
          "pending": [],
          "skipped": [],
          "duration": 1377,
          "root": false,
          "rootEmpty": false,
          "_timeout": 2000
        }
      ],
      "passes": [],
      "failures": [],
      "pending": [],
      "skipped": [],
      "duration": 0,
      "root": true,
      "rootEmpty": true,
      "_timeout": 2000
    }
  ],
  "meta": {
    "mocha": {
      "version": "7.0.1"
    },
    "mochawesome": {
      "options": {
        "quiet": false,
        "reportFilename": "mochawesome",
        "saveHtml": false,
        "saveJson": true,
        "consoleReporter": "spec",
        "useInlineDiffs": false,
        "code": true
      },
      "version": "6.1.1"
    },
    "marge": {
      "options": {
        "id": "default",
        "reportDir": "cypress/reports/mocha",
        "quite": true,
        "overwrite": false,
        "html": false,
        "json": true
      },
      "version": "5.1.0"
    }
  }
}