{
  "stats": {
    "suites": 1,
    "tests": 1,
    "passes": 1,
    "pending": 0,
    "failures": 0,
    "start": "2020-06-05T13:57:32.895Z",
    "end": "2020-06-05T13:57:38.382Z",
    "duration": 5487,
    "testsRegistered": 2,
    "passPercent": 50,
    "pendingPercent": 0,
    "other": 1,
    "hasOther": true,
    "skipped": 1,
    "hasSkipped": true
  },
  "results": [
    {
      "uuid": "299e710d-700a-4c08-b6e2-33c7dd842322",
      "title": "",
      "fullFile": "cypress/integration/tests/testCase1.js",
      "file": "cypress/integration/tests/testCase1.js",
      "beforeHooks": [],
      "afterHooks": [],
      "tests": [],
      "suites": [
        {
          "uuid": "ff2ba666-ef8c-4cac-b824-eb2a13dd3e23",
          "title": "Test Suite 1",
          "fullFile": "",
          "file": "",
          "beforeHooks": [],
          "afterHooks": [],
          "tests": [
            {
              "title": "Test Case 1: Elements on home page",
              "fullTitle": "Test Suite 1 Test Case 1: Elements on home page",
              "timedOut": null,
              "duration": 3251,
              "state": "passed",
              "speed": "slow",
              "pass": true,
              "fail": false,
              "pending": false,
              "context": null,
              "code": "cy.get(banner).should('be.visible');\ncy.contains(textOnBottom);",
              "err": {},
              "uuid": "b6b52768-49ae-46e7-a643-6d870b06cda7",
              "parentUUID": "ff2ba666-ef8c-4cac-b824-eb2a13dd3e23",
              "isHook": false,
              "skipped": false
            },
            {
              "title": "Test Case 2: No results found",
              "fullTitle": "Test Suite 1 Test Case 2: No results found",
              "timedOut": null,
              "duration": 35,
              "state": "failed",
              "speed": null,
              "pass": false,
              "fail": true,
              "pending": false,
              "context": null,
              "code": "cy.get(searchField).type(textToSearch);\ncy.get(seachButton).click();\ncy.contains(textOnAlert);",
              "err": {
                "message": "TypeError: Cannot read property 'isAttached' of undefined\n\nBecause this error occurred during a `before each` hook we are skipping the remaining tests in the current suite: `Test Suite 1`",
                "estack": "TypeError: Cannot read property 'isAttached' of undefined\n\nBecause this error occurred during a `before each` hook we are skipping the remaining tests in the current suite: `Test Suite 1`\n    at /home/demeroth/.cache/Cypress/4.6.0/Cypress/resources/app/packages/server/lib/browsers/firefox-util.js:117:20\n    at tryCatcher (/home/demeroth/.cache/Cypress/4.6.0/Cypress/resources/app/packages/server/node_modules/bluebird/js/release/util.js:16:23)\n    at /home/demeroth/.cache/Cypress/4.6.0/Cypress/resources/app/packages/server/node_modules/bluebird/js/release/method.js:15:34\n    at /home/demeroth/.cache/Cypress/4.6.0/Cypress/resources/app/packages/server/lib/browsers/firefox-util.js:235:40\n    at tryCatcher (/home/demeroth/.cache/Cypress/4.6.0/Cypress/resources/app/packages/server/node_modules/bluebird/js/release/util.js:16:23)\n    at Promise._settlePromiseFromHandler (/home/demeroth/.cache/Cypress/4.6.0/Cypress/resources/app/packages/server/node_modules/bluebird/js/release/promise.js:547:31)\n    at Promise._settlePromise (/home/demeroth/.cache/Cypress/4.6.0/Cypress/resources/app/packages/server/node_modules/bluebird/js/release/promise.js:604:18)\n    at Promise._settlePromise0 (/home/demeroth/.cache/Cypress/4.6.0/Cypress/resources/app/packages/server/node_modules/bluebird/js/release/promise.js:649:10)\n    at Promise._settlePromises (/home/demeroth/.cache/Cypress/4.6.0/Cypress/resources/app/packages/server/node_modules/bluebird/js/release/promise.js:729:18)\n    at _drainQueueStep (/home/demeroth/.cache/Cypress/4.6.0/Cypress/resources/app/packages/server/node_modules/bluebird/js/release/async.js:93:12)\n    at _drainQueue (/home/demeroth/.cache/Cypress/4.6.0/Cypress/resources/app/packages/server/node_modules/bluebird/js/release/async.js:86:9)\n    at Async._drainQueues (/home/demeroth/.cache/Cypress/4.6.0/Cypress/resources/app/packages/server/node_modules/bluebird/js/release/async.js:102:5)\n    at Immediate.Async.drainQueues [as _onImmediate] (/home/demeroth/.cache/Cypress/4.6.0/Cypress/resources/app/packages/server/node_modules/bluebird/js/release/async.js:15:14)\n    at processImmediate (internal/timers.js:439:21)\n",
                "diff": null
              },
              "uuid": "017dc245-00c1-45ea-8c07-901df8becece",
              "parentUUID": "ff2ba666-ef8c-4cac-b824-eb2a13dd3e23",
              "isHook": false,
              "skipped": false
            }
          ],
          "suites": [],
          "passes": [
            "b6b52768-49ae-46e7-a643-6d870b06cda7"
          ],
          "failures": [
            "017dc245-00c1-45ea-8c07-901df8becece"
          ],
          "pending": [],
          "skipped": [],
          "duration": 3286,
          "root": false,
          "rootEmpty": false,
          "_timeout": 2000
        }
      ],
      "passes": [],
      "failures": [],
      "pending": [],
      "skipped": [],
      "duration": 0,
      "root": true,
      "rootEmpty": true,
      "_timeout": 2000
    }
  ],
  "meta": {
    "mocha": {
      "version": "7.0.1"
    },
    "mochawesome": {
      "options": {
        "quiet": false,
        "reportFilename": "mochawesome",
        "saveHtml": false,
        "saveJson": true,
        "consoleReporter": "spec",
        "useInlineDiffs": false,
        "code": true
      },
      "version": "6.1.1"
    },
    "marge": {
      "options": {
        "id": "default",
        "reportDir": "cypress/reports/mocha",
        "quite": true,
        "overwrite": false,
        "html": false,
        "json": true
      },
      "version": "5.1.0"
    }
  }
}