{
  "stats": {
    "suites": 1,
    "tests": 2,
    "passes": 2,
    "pending": 0,
    "failures": 0,
    "start": "2020-06-05T13:44:54.159Z",
    "end": "2020-06-05T13:45:02.734Z",
    "duration": 8575,
    "testsRegistered": 2,
    "passPercent": 100,
    "pendingPercent": 0,
    "other": 0,
    "hasOther": false,
    "skipped": 0,
    "hasSkipped": false
  },
  "results": [
    {
      "uuid": "9dcf9076-2721-4d0d-a8d3-21985ce4b5ee",
      "title": "",
      "fullFile": "cypress/integration/tests/testCase1.js",
      "file": "cypress/integration/tests/testCase1.js",
      "beforeHooks": [],
      "afterHooks": [],
      "tests": [],
      "suites": [
        {
          "uuid": "b46b034d-3683-48c1-be1e-b1637908b9e3",
          "title": "Test Suite 1",
          "fullFile": "",
          "file": "",
          "beforeHooks": [],
          "afterHooks": [],
          "tests": [
            {
              "title": "Test Case 1: Elements on home page",
              "fullTitle": "Test Suite 1 Test Case 1: Elements on home page",
              "timedOut": null,
              "duration": 3422,
              "state": "passed",
              "speed": "slow",
              "pass": true,
              "fail": false,
              "pending": false,
              "context": null,
              "code": "cy.get(banner).should('be.visible');\ncy.contains(textOnBottom);",
              "err": {},
              "uuid": "fb6454d8-bb28-4e0f-a726-41974d65686c",
              "parentUUID": "b46b034d-3683-48c1-be1e-b1637908b9e3",
              "isHook": false,
              "skipped": false
            },
            {
              "title": "Test Case 2: No results found",
              "fullTitle": "Test Suite 1 Test Case 2: No results found",
              "timedOut": null,
              "duration": 2850,
              "state": "passed",
              "speed": "slow",
              "pass": true,
              "fail": false,
              "pending": false,
              "context": null,
              "code": "cy.get(searchField).type(textToSearch);\ncy.get(seachButton).click();\ncy.contains(textOnAlert);",
              "err": {},
              "uuid": "58fc21a6-7cd5-404f-a527-925400e59267",
              "parentUUID": "b46b034d-3683-48c1-be1e-b1637908b9e3",
              "isHook": false,
              "skipped": false
            }
          ],
          "suites": [],
          "passes": [
            "fb6454d8-bb28-4e0f-a726-41974d65686c",
            "58fc21a6-7cd5-404f-a527-925400e59267"
          ],
          "failures": [],
          "pending": [],
          "skipped": [],
          "duration": 6272,
          "root": false,
          "rootEmpty": false,
          "_timeout": 2000
        }
      ],
      "passes": [],
      "failures": [],
      "pending": [],
      "skipped": [],
      "duration": 0,
      "root": true,
      "rootEmpty": true,
      "_timeout": 2000
    }
  ],
  "meta": {
    "mocha": {
      "version": "7.0.1"
    },
    "mochawesome": {
      "options": {
        "quiet": false,
        "reportFilename": "mochawesome",
        "saveHtml": false,
        "saveJson": true,
        "consoleReporter": "spec",
        "useInlineDiffs": false,
        "code": true
      },
      "version": "6.1.1"
    },
    "marge": {
      "options": {
        "id": "default",
        "reportDir": "cypress/reports/mocha",
        "quite": true,
        "overwrite": false,
        "html": false,
        "json": true
      },
      "version": "5.1.0"
    }
  }
}