{
  "stats": {
    "suites": 1,
    "tests": 4,
    "passes": 4,
    "pending": 0,
    "failures": 0,
    "start": "2020-07-03T11:25:11.794Z",
    "end": "2020-07-03T11:25:17.335Z",
    "duration": 5541,
    "testsRegistered": 4,
    "passPercent": 100,
    "pendingPercent": 0,
    "other": 0,
    "hasOther": false,
    "skipped": 0,
    "hasSkipped": false
  },
  "results": [
    {
      "uuid": "365fdbe4-96af-4d53-a964-1fedffd9df3b",
      "title": "",
      "fullFile": "cypress/integration/tests/testCase3.js",
      "file": "cypress/integration/tests/testCase3.js",
      "beforeHooks": [],
      "afterHooks": [],
      "tests": [],
      "suites": [
        {
          "uuid": "f3eaa100-7ad7-455d-ad2a-c040280fc917",
          "title": "DMM first Test",
          "fullFile": "",
          "file": "",
          "beforeHooks": [],
          "afterHooks": [],
          "tests": [
            {
              "title": "Step 1: Go to the app",
              "fullTitle": "DMM first Test Step 1: Go to the app",
              "timedOut": null,
              "duration": 1185,
              "state": "passed",
              "speed": "slow",
              "pass": true,
              "fail": false,
              "pending": false,
              "context": null,
              "code": "(0, _dmmMockSettingsPage.openApp)();",
              "err": {},
              "uuid": "733cab06-3ef9-41d9-91f2-fec868096598",
              "parentUUID": "f3eaa100-7ad7-455d-ad2a-c040280fc917",
              "isHook": false,
              "skipped": false
            },
            {
              "title": "Step 2: Go to the settings tab",
              "fullTitle": "DMM first Test Step 2: Go to the settings tab",
              "timedOut": null,
              "duration": 242,
              "state": "passed",
              "speed": "slow",
              "pass": true,
              "fail": false,
              "pending": false,
              "context": null,
              "code": "(0, _dmmMockSettingsPage.goToAccountSettings)();",
              "err": {},
              "uuid": "05b608e9-255b-448f-8e46-ae7a3ca077bf",
              "parentUUID": "f3eaa100-7ad7-455d-ad2a-c040280fc917",
              "isHook": false,
              "skipped": false
            },
            {
              "title": "Step 3: Create an account",
              "fullTitle": "DMM first Test Step 3: Create an account",
              "timedOut": null,
              "duration": 549,
              "state": "passed",
              "speed": "slow",
              "pass": true,
              "fail": false,
              "pending": false,
              "context": null,
              "code": "(0, _dmmMockSettingsPage.createAccount)();",
              "err": {},
              "uuid": "e7addda0-57a4-4375-b435-538fcf852342",
              "parentUUID": "f3eaa100-7ad7-455d-ad2a-c040280fc917",
              "isHook": false,
              "skipped": false
            },
            {
              "title": "Step 4: Login to the system",
              "fullTitle": "DMM first Test Step 4: Login to the system",
              "timedOut": null,
              "duration": 2293,
              "state": "passed",
              "speed": "slow",
              "pass": true,
              "fail": false,
              "pending": false,
              "context": null,
              "code": "(0, _dmmMockSettingsPage.loginToSystem)();",
              "err": {},
              "uuid": "465e2054-98db-48c6-8ac8-2938c4ea0beb",
              "parentUUID": "f3eaa100-7ad7-455d-ad2a-c040280fc917",
              "isHook": false,
              "skipped": false
            }
          ],
          "suites": [],
          "passes": [
            "733cab06-3ef9-41d9-91f2-fec868096598",
            "05b608e9-255b-448f-8e46-ae7a3ca077bf",
            "e7addda0-57a4-4375-b435-538fcf852342",
            "465e2054-98db-48c6-8ac8-2938c4ea0beb"
          ],
          "failures": [],
          "pending": [],
          "skipped": [],
          "duration": 4269,
          "root": false,
          "rootEmpty": false,
          "_timeout": 2000
        }
      ],
      "passes": [],
      "failures": [],
      "pending": [],
      "skipped": [],
      "duration": 0,
      "root": true,
      "rootEmpty": true,
      "_timeout": 2000
    }
  ],
  "meta": {
    "mocha": {
      "version": "7.0.1"
    },
    "mochawesome": {
      "options": {
        "quiet": false,
        "reportFilename": "mochawesome",
        "saveHtml": false,
        "saveJson": true,
        "consoleReporter": "spec",
        "useInlineDiffs": false,
        "code": true
      },
      "version": "6.1.1"
    },
    "marge": {
      "options": {
        "id": "default",
        "reportDir": "cypress/reports/mocha",
        "quite": true,
        "overwrite": false,
        "html": false,
        "json": true
      },
      "version": "5.1.0"
    }
  }
}