{
  "stats": {
    "suites": 1,
    "tests": 3,
    "passes": 1,
    "pending": 0,
    "failures": 2,
    "start": "2020-07-03T11:25:02.359Z",
    "end": "2020-07-03T11:25:09.297Z",
    "duration": 6938,
    "testsRegistered": 3,
    "passPercent": 33.33333333333333,
    "pendingPercent": 0,
    "other": 0,
    "hasOther": false,
    "skipped": 0,
    "hasSkipped": false
  },
  "results": [
    {
      "uuid": "592082ed-6206-4c4b-b093-be3e21413767",
      "title": "",
      "fullFile": "cypress/integration/tests/testCase2.js",
      "file": "cypress/integration/tests/testCase2.js",
      "beforeHooks": [],
      "afterHooks": [],
      "tests": [],
      "suites": [
        {
          "uuid": "6cdacbfc-1538-4a32-b33d-4cf2b5cd00e8",
          "title": "Test dedicated to fail",
          "fullFile": "",
          "file": "",
          "beforeHooks": [],
          "afterHooks": [],
          "tests": [
            {
              "title": "Step 1: Go to the site",
              "fullTitle": "Test dedicated to fail Step 1: Go to the site",
              "timedOut": null,
              "duration": 1282,
              "state": "passed",
              "speed": "slow",
              "pass": true,
              "fail": false,
              "pending": false,
              "context": null,
              "code": "cy.visit('www.google.com');",
              "err": {},
              "uuid": "ecba643e-0690-49bd-ac48-41449386fbde",
              "parentUUID": "6cdacbfc-1538-4a32-b33d-4cf2b5cd00e8",
              "isHook": false,
              "skipped": false
            },
            {
              "title": "Step 2: Go to register tab",
              "fullTitle": "Test dedicated to fail Step 2: Go to register tab",
              "timedOut": null,
              "duration": 4151,
              "state": "failed",
              "speed": null,
              "pass": false,
              "fail": true,
              "pending": false,
              "context": null,
              "code": "//::::::Standard Assertion\ncy.get('.gb_oe').contains('Zaloguj'); //::::::Extended Assertion\n//Should --waits for elements - better to use \ncy.get('.gb_oe').should(function (elements) {\n  expect(elements).to.contains.text('Zaloguj');\n}); //Then --is not waiting \ncy.get('.gb_oe').then(function (elements) {\n  expect(elements).to.contains.text('Zaloguj');\n});",
              "err": {
                "message": "AssertionError: Timed out retrying: Expected to find content: 'Zaloguj' within the element: <div.gb_oe.gb_i.gb_Ng.gb_Dg> but never did.",
                "estack": "AssertionError: Timed out retrying: Expected to find content: 'Zaloguj' within the element: <div.gb_oe.gb_i.gb_Ng.gb_Dg> but never did.\n    at Context.eval (https://www.google.com/__cypress/tests?p=cypress/integration/tests/testCase2.js:11:22)",
                "diff": null
              },
              "uuid": "6fb7bbfd-0e56-406c-b6f4-76b5b4cbcb74",
              "parentUUID": "6cdacbfc-1538-4a32-b33d-4cf2b5cd00e8",
              "isHook": false,
              "skipped": false
            },
            {
              "title": "Step 3: Input data",
              "fullTitle": "Test dedicated to fail Step 3: Input data",
              "timedOut": null,
              "duration": 114,
              "state": "failed",
              "speed": null,
              "pass": false,
              "fail": true,
              "pending": false,
              "context": null,
              "code": "cy.fixture(\"googleSearch-\".concat(Cypress.env(\"ENV\"))).then(function (data) {\n  cy.get('[name=\"q\"]').type(data.search);\n});",
              "err": {
                "message": "Error: A fixture file could not be found at any of the following paths:\n\n > cypress/fixtures/googleSearch-undefined\n > cypress/fixtures/googleSearch-undefined{{extension}}\n\nCypress looked for these file extensions at the provided path:\n\n > .json, .js, .coffee, .html, .txt, .csv, .png, .jpg, .jpeg, .gif, .tif, .tiff, .zip\n\nProvide a path to an existing fixture file.",
                "estack": "Error: A fixture file could not be found at any of the following paths:\n\n > cypress/fixtures/googleSearch-undefined\n > cypress/fixtures/googleSearch-undefined{{extension}}\n\nCypress looked for these file extensions at the provided path:\n\n > .json, .js, .coffee, .html, .txt, .csv, .png, .jpg, .jpeg, .gif, .tif, .tiff, .zip\n\nProvide a path to an existing fixture file.\n    at get (/home/demeroth/.cache/Cypress/4.6.0/Cypress/resources/app/packages/server/lib/errors.js:352:11)\n    at Object.throwErr [as throw] (/home/demeroth/.cache/Cypress/4.6.0/Cypress/resources/app/packages/server/lib/errors.js:367:11)\n    at Object.<anonymous> (/home/demeroth/.cache/Cypress/4.6.0/Cypress/resources/app/packages/server/lib/fixture.js:65:28)\n    at Object.tryCatcher (/home/demeroth/.cache/Cypress/4.6.0/Cypress/resources/app/packages/server/node_modules/bluebird/js/release/util.js:16:23)\n    at Promise._settlePromiseFromHandler (/home/demeroth/.cache/Cypress/4.6.0/Cypress/resources/app/packages/server/node_modules/bluebird/js/release/promise.js:547:31)\n    at Promise._settlePromise (/home/demeroth/.cache/Cypress/4.6.0/Cypress/resources/app/packages/server/node_modules/bluebird/js/release/promise.js:604:18)\n    at Promise._settlePromise0 (/home/demeroth/.cache/Cypress/4.6.0/Cypress/resources/app/packages/server/node_modules/bluebird/js/release/promise.js:649:10)\n    at Promise._settlePromises (/home/demeroth/.cache/Cypress/4.6.0/Cypress/resources/app/packages/server/node_modules/bluebird/js/release/promise.js:729:18)\n    at Promise._fulfill (/home/demeroth/.cache/Cypress/4.6.0/Cypress/resources/app/packages/server/node_modules/bluebird/js/release/promise.js:673:18)\n    at /home/demeroth/.cache/Cypress/4.6.0/Cypress/resources/app/packages/server/node_modules/bluebird/js/release/nodeback.js:42:21\n    at f (/home/demeroth/.cache/Cypress/4.6.0/Cypress/resources/app/packages/server/node_modules/once/once.js:25:25)\n    at Glob.<anonymous> (/home/demeroth/.cache/Cypress/4.6.0/Cypress/resources/app/packages/server/node_modules/glob/glob.js:151:7)\n    at Glob.emit (events.js:210:5)\n    at Glob._finish (/home/demeroth/.cache/Cypress/4.6.0/Cypress/resources/app/packages/server/node_modules/glob/glob.js:197:8)\n    at done (/home/demeroth/.cache/Cypress/4.6.0/Cypress/resources/app/packages/server/node_modules/glob/glob.js:182:14)\n    at Glob._processSimple2 (/home/demeroth/.cache/Cypress/4.6.0/Cypress/resources/app/packages/server/node_modules/glob/glob.js:688:12)\n    at /home/demeroth/.cache/Cypress/4.6.0/Cypress/resources/app/packages/server/node_modules/glob/glob.js:676:10\n    at Glob._stat2 (/home/demeroth/.cache/Cypress/4.6.0/Cypress/resources/app/packages/server/node_modules/glob/glob.js:772:12)\n    at lstatcb_ (/home/demeroth/.cache/Cypress/4.6.0/Cypress/resources/app/packages/server/node_modules/glob/glob.js:764:12)\n    at RES (/home/demeroth/.cache/Cypress/4.6.0/Cypress/resources/app/packages/server/node_modules/inflight/inflight.js:31:16)\n    at f (/home/demeroth/.cache/Cypress/4.6.0/Cypress/resources/app/packages/server/node_modules/once/once.js:25:25)\n    at callback (/home/demeroth/.cache/Cypress/4.6.0/Cypress/resources/app/packages/server/node_modules/graceful-fs/polyfills.js:289:20)\n    at FSReqCallback.oncomplete (fs.js:158:21)\n",
                "diff": null
              },
              "uuid": "c6124ba1-4baa-40cc-a7e1-21ef26f6ca0b",
              "parentUUID": "6cdacbfc-1538-4a32-b33d-4cf2b5cd00e8",
              "isHook": false,
              "skipped": false
            }
          ],
          "suites": [],
          "passes": [
            "ecba643e-0690-49bd-ac48-41449386fbde"
          ],
          "failures": [
            "6fb7bbfd-0e56-406c-b6f4-76b5b4cbcb74",
            "c6124ba1-4baa-40cc-a7e1-21ef26f6ca0b"
          ],
          "pending": [],
          "skipped": [],
          "duration": 5547,
          "root": false,
          "rootEmpty": false,
          "_timeout": 2000
        }
      ],
      "passes": [],
      "failures": [],
      "pending": [],
      "skipped": [],
      "duration": 0,
      "root": true,
      "rootEmpty": true,
      "_timeout": 2000
    }
  ],
  "meta": {
    "mocha": {
      "version": "7.0.1"
    },
    "mochawesome": {
      "options": {
        "quiet": false,
        "reportFilename": "mochawesome",
        "saveHtml": false,
        "saveJson": true,
        "consoleReporter": "spec",
        "useInlineDiffs": false,
        "code": true
      },
      "version": "6.1.1"
    },
    "marge": {
      "options": {
        "id": "default",
        "reportDir": "cypress/reports/mocha",
        "quite": true,
        "overwrite": false,
        "html": false,
        "json": true
      },
      "version": "5.1.0"
    }
  }
}