{
  "stats": {
    "suites": 3,
    "tests": 7,
    "passes": 6,
    "pending": 0,
    "failures": 1,
    "start": "2020-06-05T13:48:21.764Z",
    "end": "2020-06-05T13:48:21.764Z",
    "duration": 38181,
    "testsRegistered": 7,
    "passPercent": 85.71428571428571,
    "pendingPercent": 0,
    "other": 0,
    "hasOther": false,
    "skipped": 0,
    "hasSkipped": false
  },
  "results": [
    {
      "uuid": "9dcf9076-2721-4d0d-a8d3-21985ce4b5ee",
      "title": "",
      "fullFile": "cypress/integration/tests/testCase1.js",
      "file": "cypress/integration/tests/testCase1.js",
      "beforeHooks": [],
      "afterHooks": [],
      "tests": [],
      "suites": [
        {
          "uuid": "b46b034d-3683-48c1-be1e-b1637908b9e3",
          "title": "Test Suite 1",
          "fullFile": "",
          "file": "",
          "beforeHooks": [],
          "afterHooks": [],
          "tests": [
            {
              "title": "Test Case 1: Elements on home page",
              "fullTitle": "Test Suite 1 Test Case 1: Elements on home page",
              "timedOut": null,
              "duration": 3422,
              "state": "passed",
              "speed": "slow",
              "pass": true,
              "fail": false,
              "pending": false,
              "context": null,
              "code": "cy.get(banner).should('be.visible');\ncy.contains(textOnBottom);",
              "err": {},
              "uuid": "fb6454d8-bb28-4e0f-a726-41974d65686c",
              "parentUUID": "b46b034d-3683-48c1-be1e-b1637908b9e3",
              "isHook": false,
              "skipped": false
            },
            {
              "title": "Test Case 2: No results found",
              "fullTitle": "Test Suite 1 Test Case 2: No results found",
              "timedOut": null,
              "duration": 2850,
              "state": "passed",
              "speed": "slow",
              "pass": true,
              "fail": false,
              "pending": false,
              "context": null,
              "code": "cy.get(searchField).type(textToSearch);\ncy.get(seachButton).click();\ncy.contains(textOnAlert);",
              "err": {},
              "uuid": "58fc21a6-7cd5-404f-a527-925400e59267",
              "parentUUID": "b46b034d-3683-48c1-be1e-b1637908b9e3",
              "isHook": false,
              "skipped": false
            }
          ],
          "suites": [],
          "passes": [
            "fb6454d8-bb28-4e0f-a726-41974d65686c",
            "58fc21a6-7cd5-404f-a527-925400e59267"
          ],
          "failures": [],
          "pending": [],
          "skipped": [],
          "duration": 6272,
          "root": false,
          "rootEmpty": false,
          "_timeout": 2000
        }
      ],
      "passes": [],
      "failures": [],
      "pending": [],
      "skipped": [],
      "duration": 0,
      "root": true,
      "rootEmpty": true,
      "_timeout": 2000
    },
    {
      "uuid": "8a24b568-7383-428d-8acc-6e72fb594a08",
      "title": "",
      "fullFile": "cypress/integration/tests/testCase2.js",
      "file": "cypress/integration/tests/testCase2.js",
      "beforeHooks": [],
      "afterHooks": [],
      "tests": [],
      "suites": [
        {
          "uuid": "809cd0d1-4d0a-4c8a-9e8c-ff68541791f1",
          "title": "My First Test",
          "fullFile": "",
          "file": "",
          "beforeHooks": [],
          "afterHooks": [],
          "tests": [
            {
              "title": "Step 1: Go to the site",
              "fullTitle": "My First Test Step 1: Go to the site",
              "timedOut": null,
              "duration": 1422,
              "state": "passed",
              "speed": "slow",
              "pass": true,
              "fail": false,
              "pending": false,
              "context": null,
              "code": "(0, _frontPage.navigateToSite)();",
              "err": {},
              "uuid": "10a65bd4-25e8-4227-a538-a4b9d5d23feb",
              "parentUUID": "809cd0d1-4d0a-4c8a-9e8c-ff68541791f1",
              "isHook": false,
              "skipped": false
            },
            {
              "title": "Step 2: Go to register tab",
              "fullTitle": "My First Test Step 2: Go to register tab",
              "timedOut": null,
              "duration": 744,
              "state": "passed",
              "speed": "slow",
              "pass": true,
              "fail": false,
              "pending": false,
              "context": null,
              "code": "(0, _frontPage.goToRegisterTab)();",
              "err": {},
              "uuid": "fcd89b29-b558-401d-89a8-7cc57420f584",
              "parentUUID": "809cd0d1-4d0a-4c8a-9e8c-ff68541791f1",
              "isHook": false,
              "skipped": false
            },
            {
              "title": "Step 3: Createn new account",
              "fullTitle": "My First Test Step 3: Createn new account",
              "timedOut": null,
              "duration": 24522,
              "state": "passed",
              "speed": "slow",
              "pass": true,
              "fail": false,
              "pending": false,
              "context": null,
              "code": "(0, _registerPage.registerAccount)();",
              "err": {},
              "uuid": "88059512-fe2d-472a-b25f-d667a9ad9b30",
              "parentUUID": "809cd0d1-4d0a-4c8a-9e8c-ff68541791f1",
              "isHook": false,
              "skipped": false
            }
          ],
          "suites": [],
          "passes": [
            "10a65bd4-25e8-4227-a538-a4b9d5d23feb",
            "fcd89b29-b558-401d-89a8-7cc57420f584",
            "88059512-fe2d-472a-b25f-d667a9ad9b30"
          ],
          "failures": [],
          "pending": [],
          "skipped": [],
          "duration": 26688,
          "root": false,
          "rootEmpty": false,
          "_timeout": 2000
        }
      ],
      "passes": [],
      "failures": [],
      "pending": [],
      "skipped": [],
      "duration": 0,
      "root": true,
      "rootEmpty": true,
      "_timeout": 2000
    },
    {
      "uuid": "11e5d0ae-bb7a-4ba2-8708-3724b623df6b",
      "title": "",
      "fullFile": "cypress/integration/tests/testCase3.js",
      "file": "cypress/integration/tests/testCase3.js",
      "beforeHooks": [],
      "afterHooks": [],
      "tests": [],
      "suites": [
        {
          "uuid": "2e670b5a-780a-4ab4-afbd-6261e2ed5632",
          "title": "Test dedicated to fail",
          "fullFile": "",
          "file": "",
          "beforeHooks": [],
          "afterHooks": [],
          "tests": [
            {
              "title": "Step 1: Go to the site",
              "fullTitle": "Test dedicated to fail Step 1: Go to the site",
              "timedOut": null,
              "duration": 1067,
              "state": "passed",
              "speed": "slow",
              "pass": true,
              "fail": false,
              "pending": false,
              "context": null,
              "code": "cy.visit('www.google.com');",
              "err": {},
              "uuid": "1bd2c860-1125-4eba-a04e-cd3ee59a10ee",
              "parentUUID": "2e670b5a-780a-4ab4-afbd-6261e2ed5632",
              "isHook": false,
              "skipped": false
            },
            {
              "title": "Step 2: Go to register tab",
              "fullTitle": "Test dedicated to fail Step 2: Go to register tab",
              "timedOut": null,
              "duration": 4154,
              "state": "failed",
              "speed": null,
              "pass": false,
              "fail": true,
              "pending": false,
              "context": null,
              "code": "cy.contains('No tego na pewno nie ma tutaj');",
              "err": {
                "message": "AssertionError: Timed out retrying: Expected to find content: 'No tego na pewno nie ma tutaj' but never did.",
                "estack": "AssertionError: Timed out retrying: Expected to find content: 'No tego na pewno nie ma tutaj' but never did.\n    at Context.eval (https://www.google.com/__cypress/tests?p=cypress/integration/tests/testCase3.js:10:8)",
                "diff": null
              },
              "uuid": "30a46d1b-7ecc-4e86-b9d7-38130bd3d809",
              "parentUUID": "2e670b5a-780a-4ab4-afbd-6261e2ed5632",
              "isHook": false,
              "skipped": false
            }
          ],
          "suites": [],
          "passes": [
            "1bd2c860-1125-4eba-a04e-cd3ee59a10ee"
          ],
          "failures": [
            "30a46d1b-7ecc-4e86-b9d7-38130bd3d809"
          ],
          "pending": [],
          "skipped": [],
          "duration": 5221,
          "root": false,
          "rootEmpty": false,
          "_timeout": 2000
        }
      ],
      "passes": [],
      "failures": [],
      "pending": [],
      "skipped": [],
      "duration": 0,
      "root": true,
      "rootEmpty": true,
      "_timeout": 2000
    }
  ],
  "meta": {
    "mocha": {
      "version": "7.0.1"
    },
    "mochawesome": {
      "options": {
        "quiet": false,
        "reportFilename": "mochawesome",
        "saveHtml": false,
        "saveJson": true,
        "consoleReporter": "spec",
        "useInlineDiffs": false,
        "code": true
      },
      "version": "6.1.1"
    },
    "marge": {
      "options": {
        "id": "default",
        "reportDir": "cypress/reports/mocha",
        "quite": true,
        "overwrite": false,
        "html": false,
        "json": true
      },
      "version": "5.1.0"
    }
  }
}